[2021-03-09T16:09:45.826] [ERROR] alerts - TypeError: Cannot read property 'user_id' of undefined
    at deleteAlert (/Users/ariel-ianfajardo/Documents/Repositories/yp-price-alert/lib/alert.js:209:36)
    at _callee3$ (/Users/ariel-ianfajardo/Documents/Repositories/yp-price-alert/lib/alert.js:315:15)
    at tryCatch (/Users/ariel-ianfajardo/Documents/Repositories/yp-price-alert/node_modules/regenerator-runtime/runtime.js:63:40)
    at Generator.invoke [as _invoke] (/Users/ariel-ianfajardo/Documents/Repositories/yp-price-alert/node_modules/regenerator-runtime/runtime.js:293:22)
    at Generator.next (/Users/ariel-ianfajardo/Documents/Repositories/yp-price-alert/node_modules/regenerator-runtime/runtime.js:118:21)
    at asyncGeneratorStep (/Users/ariel-ianfajardo/Documents/Repositories/yp-price-alert/node_modules/@babel/runtime/helpers/asyncToGenerator.js:3:24)
    at _next (/Users/ariel-ianfajardo/Documents/Repositories/yp-price-alert/node_modules/@babel/runtime/helpers/asyncToGenerator.js:25:9)
    at /Users/ariel-ianfajardo/Documents/Repositories/yp-price-alert/node_modules/@babel/runtime/helpers/asyncToGenerator.js:32:7
    at new Promise (<anonymous>)
    at Client.<anonymous> (/Users/ariel-ianfajardo/Documents/Repositories/yp-price-alert/node_modules/@babel/runtime/helpers/asyncToGenerator.js:21:12)
    at Client.<anonymous> (/Users/ariel-ianfajardo/Documents/Repositories/yp-price-alert/lib/alert.js:356:18)
    at Client.emit (events.js:315:20)
    at MessageCreateAction.handle (/Users/ariel-ianfajardo/Documents/Repositories/yp-price-alert/node_modules/discord.js/src/client/actions/MessageCreate.js:31:14)
    at Object.module.exports [as MESSAGE_CREATE] (/Users/ariel-ianfajardo/Documents/Repositories/yp-price-alert/node_modules/discord.js/src/client/websocket/handlers/MESSAGE_CREATE.js:4:32)
    at WebSocketManager.handlePacket (/Users/ariel-ianfajardo/Documents/Repositories/yp-price-alert/node_modules/discord.js/src/client/websocket/WebSocketManager.js:384:31)
    at WebSocketShard.onPacket (/Users/ariel-ianfajardo/Documents/Repositories/yp-price-alert/node_modules/discord.js/src/client/websocket/WebSocketShard.js:444:22)
    at WebSocketShard.onMessage (/Users/ariel-ianfajardo/Documents/Repositories/yp-price-alert/node_modules/discord.js/src/client/websocket/WebSocketShard.js:301:10)
    at WebSocket.onMessage (/Users/ariel-ianfajardo/Documents/Repositories/yp-price-alert/node_modules/ws/lib/event-target.js:132:16)
    at WebSocket.emit (events.js:315:20)
    at Receiver.receiverOnMessage (/Users/ariel-ianfajardo/Documents/Repositories/yp-price-alert/node_modules/ws/lib/websocket.js:825:20)
    at Receiver.emit (events.js:315:20)
    at Receiver.dataMessage (/Users/ariel-ianfajardo/Documents/Repositories/yp-price-alert/node_modules/ws/lib/receiver.js:437:14)
[2021-03-09T16:14:59.749] [ERROR] alerts - SyntaxError: Unexpected token o in JSON at position 1
    at JSON.parse (<anonymous>)
    at saveAlert (/Users/ariel-ianfajardo/Documents/Repositories/yp-price-alert/lib/alert.js:170:26)
    at _callee3$ (/Users/ariel-ianfajardo/Documents/Repositories/yp-price-alert/lib/alert.js:344:20)
    at tryCatch (/Users/ariel-ianfajardo/Documents/Repositories/yp-price-alert/node_modules/regenerator-runtime/runtime.js:63:40)
    at Generator.invoke [as _invoke] (/Users/ariel-ianfajardo/Documents/Repositories/yp-price-alert/node_modules/regenerator-runtime/runtime.js:293:22)
    at Generator.next (/Users/ariel-ianfajardo/Documents/Repositories/yp-price-alert/node_modules/regenerator-runtime/runtime.js:118:21)
    at asyncGeneratorStep (/Users/ariel-ianfajardo/Documents/Repositories/yp-price-alert/node_modules/@babel/runtime/helpers/asyncToGenerator.js:3:24)
    at _next (/Users/ariel-ianfajardo/Documents/Repositories/yp-price-alert/node_modules/@babel/runtime/helpers/asyncToGenerator.js:25:9)
    at runNextTicks (internal/process/task_queues.js:62:5)
    at processImmediate (internal/timers.js:429:9)
